"(* Coefficients for function approximations *)"
{Sin[2*Pi*#1] & , 1, 1, 0.00903261403889669980609097907908, 
 x*(6.2127512751533636810266712809 - 
     35.9821077009432076840165631548*Power(x,2))}
{Sin[2*Pi*#1] & , 2, 1, 0.00016059094884315593746160492701, 
 x*(6.2817485982123489090797792531 + 
     Power(x,2)*(-41.1333927371182692572531786826 + 
        74.171087783146379071588053574*Power(x,2)))}
{Sin[2*Pi*#1] & , 3, 1, 1.58016215200483927797284866108e-6, 
 x*(6.2831695125493457846550448487 + 
     Power(x,2)*(-41.3379839486638336886792146778 + 
        Power(x,2)*(81.371978532544677342208302432 - 
           71.315978441592194407247888986*Power(x,2))))}
{Sin[2*Pi*#1] & , 4, 1, 9.87410297844129295403342670375e-9, 
 x*(6.2831851989440238363581945604 + 
     Power(x,2)*(-41.3416646547590947908779056914 + 
        Power(x,2)*(81.601631640211881069182778798 + 
           Power(x,2)*(-76.56466773344087533597673461 + 
              39.6528001753697560443995227219*Power(x,2)))))}
{Sin[2*Pi*#1] & , 5, 1, 4.26618737961738769059953122132e-11, 
 x*(6.2831853066735779842273116142 + 
     Power(x,2)*(-41.3417019972737672877121289508 + 
        Power(x,2)*(81.605216163490788105307523631 + 
           Power(x,2)*(-76.703938151594961900207474452 + 
              Power(x,2)*(42.0046878003529165880704923157 - 
                 14.3664598125678307183280614725*Power(x,2))))))}
{Sin[2*Pi*#1] & , 6, 1, 1.35052419895760612440936163371e-13, 
 x*(6.2831853071778704147024863797 + 
     Power(x,2)*(-41.3417022393099629778945111838 + 
        Power(x,2)*(81.605249077126372940457689074 + 
           Power(x,2)*(-76.705843817504942181869384713 + 
              Power(x,2)*(42.0580411171712349980374012262 + 
                 Power(x,2)*(-15.0803528951943294831983114707 + 
                    3.66062453812577851620993390211*Power(x,2)))))))}
{Sin[2*Pi*#1] & , 7, 1, 3.26719122648735022071819189393e-16, 
 x*(6.2831853071795820633739361524 + 
     Power(x,2)*(-41.3417022403961809120954462054 + 
        Power(x,2)*(81.605249275232749167568361308 + 
           Power(x,2)*(-76.7058596644331477302937649 + 
              Power(x,2)*(42.0586890157803265046507872249 + 
                 Power(x,2)*(-15.094487453794744933796374286 + 
                    Power(x,2)*(3.81717632738725732486907220483 - 
                       0.69174075052614465002205991763*Power(x,2))))))))}
{Sin[2*Pi*#1] & , 8, 1, 6.23674794993677351325343779135e-19, 
 x*(6.2831853071795864680224671155 + 
     Power(x,2)*(-41.3417022403997512576544306479 + 
        Power(x,2)*(81.605249276072410674251626791 + 
           Power(x,2)*(-76.705859752708750470270935774 + 
              Power(x,2)*(42.0586939194912275451623859862 + 
                 Power(x,2)*(-15.0946415041050550042911122547 + 
                    Power(x,2)*(3.81992525864144427125360186953 + 
                       Power(x,2)*
                        (-0.71770901464828231655437134119 + 
                          0.100807907479216992437490038615*Power(x,2)))))))))}
{Sin[2*Pi*#1] & , 9, 1, 9.63328103917129602481419925292e-22, 
 x*(6.2831853071795864769108260541 + 
     Power(x,2)*(-41.3417022403997602162270716441 + 
        Power(x,2)*(81.60524927607504781510556174 + 
           Power(x,2)*(-76.705859753060334195575290001 + 
              Power(x,2)*(42.0586939448027319584655820258 + 
                 Power(x,2)*(-15.0946425716838802935950674806 + 
                    Power(x,2)*(3.81995241075943193402296409863 + 
                       Power(x,2)*
                        (-0.71811858290037345979692233069 + 
                          Power(x,2)*
                           (0.104180486171839070243788076901 - 
                           0.0116746637138461589052825259926*Power(x,2)))))))\
)))}
{Sin[2*Pi*#1] & , 10, 1, 1.22868076732419204751082663166e-24, 
 x*(6.283185307179586476925267448 + 
     Power(x,2)*(-41.3417022403997602339400833283 + 
        Power(x,2)*(81.605249276075054191154490886 + 
           Power(x,2)*(-76.705859753061383406514648697 + 
              Power(x,2)*(42.0586939448973846696473779636 + 
                 Power(x,2)*(-15.0946425768049421598822141789 + 
                    Power(x,2)*(3.81995258407040957835268127083 + 
                       Power(x,2)*
                        (-0.71812227983282465329190654751 + 
                          Power(x,2)*
                           (0.104228758949699065140745241638 + 
                           Power(x,2)*
                           (-0.0120269351963757602107787554439 + 
                           0.00110031935250749900724153278748*Power(x,2))))))\
)))))}
{Cos[2*Pi*#1] & , 1, 1, 0.0504518457123506773111386194188, 
 0.98016085437229198280935035424 - 16.4898032013542825619278235786*Power(x,2)}
{Cos[2*Pi*#1] & , 2, 1, 0.00131251038910878067491502401754, 
 0.99957946586703103708288396945 + 
   Power(x,2)*(-19.5967616435895228069610500387 + 
      57.99184569508426727093675059*Power(x,2))}
{Cos[2*Pi*#1] & , 3, 1, 0.0000169772140729548966092647935971, 
 0.99999528195969792272567873556 + 
   Power(x,2)*(-19.7364809840938003502669448481 + 
      Power(x,2)*(64.697886912698329308457244775 - 
         78.677272250925894007869684715*Power(x,2)))}
{Cos[2*Pi*#1] & , 4, 1, 1.31399482973324272711435156621e-7, 
 0.99999996726383273542938435205 + 
   Power(x,2)*(-19.7391799337962970479952430123 + 
      Power(x,2)*(64.935379269908373071852496401 + 
         Power(x,2)*(-85.263169908889272071951069608 + 
            56.445391069291546024896934066*Power(x,2))))}
{Cos[2*Pi*#1] & , 5, 1, 6.76921977770165908599635624668e-10, 
 0.9999999998456701707702258525 + 
   Power(x,2)*(-19.7392086093151470892757539327 + 
      Power(x,2)*(64.939355387769799881918538687 + 
         Power(x,2)*(-85.454008127664189317406682418 + 
            Power(x,2)*(60.152773740405849388006849711 - 
               25.0430953696665464043549181552*Power(x,2)))))}
{Cos[2*Pi*#1] & , 6, 1, 2.48829316968775302617501489181e-12, 
 0.9999999999994734649908126782 + 
   Power(x,2)*(-19.7392088012932785269032733905 + 
      Power(x,2)*(64.939393781592629636072559592 + 
         Power(x,2)*(-85.456792744602033873769040872 + 
            Power(x,2)*(60.243464775090741079798043486 + 
               Power(x,2)*(-26.3972903959942738292064761591 + 
                  7.5499508292817681462964543424*Power(x,2))))))}
{Cos[2*Pi*#1] & , 7, 1, 6.8548687264893116091914056915e-15, 
 0.99999999999999863970708884817 + 
   Power(x,2)*(-19.7392088021757549552319405358 + 
      Power(x,2)*(64.939394021616994864864824122 + 
         Power(x,2)*(-85.456817065282846045587103351 + 
            Power(x,2)*(60.244632068284243787202573779 + 
               Power(x,2)*(-26.4259253961609784020478314375 + 
                  Power(x,2)*(7.8970093200381238908703916287 - 
                     1.64741764516300853305603274719*Power(x,2)))))))}
{Cos[2*Pi*#1] & , 8, 1, 1.46791268865094997712147561794e-17, 
 0.99999999999999999724650488814 + 
   Power(x,2)*(-19.7392088021787096990992768032 + 
      Power(x,2)*(64.939394022664912712776122911 + 
         Power(x,2)*(-85.456817206113170179307950597 + 
            Power(x,2)*(60.24464132207891922763883308 + 
               Power(x,2)*(-26.426254390622276180570479437 + 
                  Power(x,2)*(7.9034689775776775116910217077 + 
                     Power(x,2)*
                      (-1.7132857350438188140105077261 + 
                        0.272228719380816673731890864128*Power(x,2))))))))}
{Cos[2*Pi*#1] & , 9, 1, 2.5135399202855517722205941941e-20, 
 0.9999999999999999999955151136 + 
   Power(x,2)*(-19.739208802178717222590577136 + 
      Power(x,2)*(64.939394022668283164993884498 + 
         Power(x,2)*(-85.456817206691950895580413978 + 
            Power(x,2)*(60.244641371684673221621490635 + 
               Power(x,2)*(-26.4262567714892743316375310569 + 
                  Power(x,2)*(7.9035359243164069688688843706 + 
                     Power(x,2)*
                      (-1.71438032198995334620416366498 + 
                        Power(x,2)*
                         (0.281860168155473253461036608013 - 
                           0.035248973544218501784328836105*Power(x,2))))))))\
)}
{Cos[2*Pi*#1] & , 10, 1, 3.51728309541052927463682500279e-23, 
 0.99999999999999999999999399493 + 
   Power(x,2)*(-19.7392088021787172376446592322 + 
      Power(x,2)*(64.939394022668291474741057568 + 
         Power(x,2)*(-85.456817206693723530974212629 + 
            Power(x,2)*(60.244641371876102723730919228 + 
               Power(x,2)*(-26.4262567833313550310661198298 + 
                  Power(x,2)*(7.9035363692512638890570451027 + 
                     Power(x,2)*
                      (-1.71439064742986978217145812714 + 
                        Power(x,2)*
                         (0.282004710643867844758724316103 + 
                           Power(x,2)*
                           (-0.0363674175789343233130225120336 + 
                           0.00367285150419855985096030559397*Power(x,2))))))\
))))}
